2022-11-03 12:27:37.181  INFO DESKTOP-L31IRL4 --- [  restartedMain] ntrollerAdapter : Challenge: /challenges/bad-teacher successfully loaded
2022-11-03 12:27:37.208  INFO DESKTOP-L31IRL4 --- [  restartedMain] ntrollerAdapter : Challenge: /challenges/doodle-drive successfully loaded
2022-11-03 12:27:37.229  INFO DESKTOP-L31IRL4 --- [  restartedMain] ntrollerAdapter : Challenge: /challenges/forgot-password successfully loaded
2022-11-03 12:27:37.257  INFO DESKTOP-L31IRL4 --- [  restartedMain] ntrollerAdapter : Challenge: /challenges/bond-one successfully loaded
2022-11-03 12:27:37.271  INFO DESKTOP-L31IRL4 --- [  restartedMain] ntrollerAdapter : Challenge: /challenges/bond-three successfully loaded
2022-11-03 12:27:37.290  INFO DESKTOP-L31IRL4 --- [  restartedMain] ntrollerAdapter : Challenge: /challenges/bond-two successfully loaded
2022-11-03 12:27:37.300  INFO DESKTOP-L31IRL4 --- [  restartedMain] ntrollerAdapter : Challenge: /challenges/base-sixty-four successfully loaded
2022-11-03 12:27:37.314  INFO DESKTOP-L31IRL4 --- [  restartedMain] ntrollerAdapter : Challenge: /challenges/hash-recompilation successfully loaded
2022-11-03 12:27:37.334  INFO DESKTOP-L31IRL4 --- [  restartedMain] ntrollerAdapter : Challenge: /challenges/mcronalds successfully loaded
2022-11-03 12:27:37.353  INFO DESKTOP-L31IRL4 --- [  restartedMain] ntrollerAdapter : Challenge: /challenges/really-bad-teacher successfully loaded
2022-11-03 12:27:37.369  INFO DESKTOP-L31IRL4 --- [  restartedMain] ntrollerAdapter : Challenge: /challenges/space-patrol successfully loaded
2022-11-03 12:27:37.383  INFO DESKTOP-L31IRL4 --- [  restartedMain] ntrollerAdapter : Challenge: /challenges/compiler-basics successfully loaded
2022-11-03 12:27:37.399  INFO DESKTOP-L31IRL4 --- [  restartedMain] ntrollerAdapter : Challenge: /challenges/http-basics successfully loaded
2022-11-03 12:27:37.410  INFO DESKTOP-L31IRL4 --- [  restartedMain] ntrollerAdapter : Challenge: /challenges/node-compiler-basics-2 successfully loaded
2022-11-03 12:27:37.421  INFO DESKTOP-L31IRL4 --- [  restartedMain] ntrollerAdapter : Challenge: /challenges/node-compiler-basics successfully loaded
2022-11-03 12:27:37.441  INFO DESKTOP-L31IRL4 --- [  restartedMain] ntrollerAdapter : Challenge: /challenges/nuclear-winter successfully loaded
2022-11-03 12:27:37.458  INFO DESKTOP-L31IRL4 --- [  restartedMain] ntrollerAdapter : Challenge: /challenges/sudoku-champion-2 successfully loaded
2022-11-03 12:27:37.474  INFO DESKTOP-L31IRL4 --- [  restartedMain] ntrollerAdapter : Challenge: /challenges/sudoku-champion-3 successfully loaded
2022-11-03 12:27:37.491  INFO DESKTOP-L31IRL4 --- [  restartedMain] ntrollerAdapter : Challenge: /challenges/sudoku-champion successfully loaded
2022-11-03 12:27:37.507  INFO DESKTOP-L31IRL4 --- [  restartedMain] ntrollerAdapter : Challenge: /challenges/faster-than-light successfully loaded
2022-11-03 12:27:37.522  INFO DESKTOP-L31IRL4 --- [  restartedMain] ntrollerAdapter : Challenge: /challenges/genesis successfully loaded
2022-11-03 12:27:37.538  INFO DESKTOP-L31IRL4 --- [  restartedMain] ntrollerAdapter : Challenge: /challenges/poison-apples successfully loaded
2022-11-03 12:27:37.553  INFO DESKTOP-L31IRL4 --- [  restartedMain] ntrollerAdapter : Challenge: /challenges/tree-chopper successfully loaded
2022-11-03 12:27:37.569  INFO DESKTOP-L31IRL4 --- [  restartedMain] ntrollerAdapter : Challenge: /challenges/email-validation successfully loaded
2022-11-03 12:27:37.584  INFO DESKTOP-L31IRL4 --- [  restartedMain] ntrollerAdapter : Challenge: /challenges/password-validation successfully loaded
2022-11-03 12:27:37.597  INFO DESKTOP-L31IRL4 --- [  restartedMain] ntrollerAdapter : Challenge: /challenges/regex-basics successfully loaded
2022-11-03 12:27:37.610  INFO DESKTOP-L31IRL4 --- [  restartedMain] ntrollerAdapter : Challenge: /challenges/casino-royale successfully loaded
2022-11-03 12:27:37.629  INFO DESKTOP-L31IRL4 --- [  restartedMain] ntrollerAdapter : Challenge: /challenges/locked-out successfully loaded
2022-11-03 12:27:37.641  INFO DESKTOP-L31IRL4 --- [  restartedMain] ntrollerAdapter : Challenge: /challenges/safe-surf successfully loaded
2022-11-03 12:27:37.654  INFO DESKTOP-L31IRL4 --- [  restartedMain] ntrollerAdapter : Challenge: /challenges/weak-otp successfully loaded
2022-11-03 12:27:37.664  INFO DESKTOP-L31IRL4 --- [  restartedMain] ntrollerAdapter : Challenge: /challenges/writing-otp successfully loaded
2022-11-03 12:27:37.674  INFO DESKTOP-L31IRL4 --- [  restartedMain] ntrollerAdapter : Challenge: /challenges/dazala successfully loaded
2022-11-03 12:27:37.704  INFO DESKTOP-L31IRL4 --- [  restartedMain] ntrollerAdapter : Challenge: /challenges/fakebook successfully loaded
2022-11-03 12:27:37.715  INFO DESKTOP-L31IRL4 --- [  restartedMain] ntrollerAdapter : Challenge: /challenges/notflix successfully loaded
2022-11-03 12:27:37.727  INFO DESKTOP-L31IRL4 --- [  restartedMain] ntrollerAdapter : Challenge: /challenges/sqli-basics-two successfully loaded
2022-11-03 12:27:37.742  INFO DESKTOP-L31IRL4 --- [  restartedMain] ntrollerAdapter : Challenge: /challenges/sqli-basics successfully loaded
2022-11-03 12:27:37.750  INFO DESKTOP-L31IRL4 --- [  restartedMain] ntrollerAdapter : Challenge: /challenges/sqli-recompilation successfully loaded
2022-11-03 12:27:37.761  INFO DESKTOP-L31IRL4 --- [  restartedMain] ntrollerAdapter : Challenge: /challenges/goggle-form successfully loaded
2022-11-03 12:27:37.777  INFO DESKTOP-L31IRL4 --- [  restartedMain] ntrollerAdapter : Challenge: /challenges/into-the-shadow successfully loaded
2022-11-03 12:27:37.788  INFO DESKTOP-L31IRL4 --- [  restartedMain] ntrollerAdapter : Challenge: /challenges/biography successfully loaded
2022-11-03 12:27:37.804  INFO DESKTOP-L31IRL4 --- [  restartedMain] ntrollerAdapter : Challenge: /challenges/christmas-workshop successfully loaded
2022-11-03 12:27:37.816  INFO DESKTOP-L31IRL4 --- [  restartedMain] ntrollerAdapter : Challenge: /challenges/dom successfully loaded
2022-11-03 12:27:37.825  INFO DESKTOP-L31IRL4 --- [  restartedMain] ntrollerAdapter : Challenge: /challenges/phishing successfully loaded
2022-11-03 12:27:37.836  INFO DESKTOP-L31IRL4 --- [  restartedMain] ntrollerAdapter : Challenge: /challenges/syndica successfully loaded
2022-11-03 12:27:37.850  INFO DESKTOP-L31IRL4 --- [  restartedMain] ntrollerAdapter : Challenge: /challenges/xss-basics successfully loaded
